{
  "RSpec": {
    "coverage": {
      "/Users/jphoenix/Dropbox/turing/1module/projects/sales_engine_with_harness/sales_engine/lib/merchant_repository.rb": [
        1,
        null,
        1,
        1,
        null,
        1,
        14,
        14,
        14,
        14,
        null,
        null,
        1,
        14,
        49,
        null,
        null,
        null,
        1,
        4,
        null,
        null,
        1,
        0,
        null,
        null,
        1,
        0,
        null,
        null,
        1,
        0,
        null,
        null,
        1,
        0,
        null,
        null,
        1,
        0,
        null,
        null,
        1,
        0,
        null,
        null,
        1,
        0,
        null,
        null,
        1,
        0,
        null,
        null,
        1,
        0,
        null,
        null,
        null,
        null,
        null,
        null
      ],
      "/Users/jphoenix/Dropbox/turing/1module/projects/sales_engine_with_harness/sales_engine/lib/merchant.rb": [
        1,
        1,
        null,
        1,
        52,
        52,
        52,
        52,
        52,
        null,
        null,
        null
      ],
      "/Users/jphoenix/Dropbox/turing/1module/projects/sales_engine_with_harness/sales_engine/test/merchant_test.rb": [
        1,
        1,
        1,
        1,
        null,
        1,
        1,
        null,
        1,
        3,
        3,
        3,
        null,
        null,
        1,
        1,
        null,
        null,
        1,
        1,
        null,
        null,
        1,
        1,
        null,
        null,
        null,
        null,
        null
      ],
      "/Users/jphoenix/Dropbox/turing/1module/projects/sales_engine_with_harness/sales_engine/test/parser_test.rb": [
        1,
        1,
        1,
        1,
        null,
        1,
        1,
        null,
        1,
        6,
        null,
        null,
        1,
        1,
        1,
        1,
        null,
        null,
        1,
        1,
        1,
        1,
        null,
        null,
        1,
        1,
        1,
        1,
        null,
        null,
        1,
        1,
        1,
        1,
        null,
        null,
        1,
        1,
        1,
        1,
        null,
        null,
        1,
        1,
        1,
        1,
        null,
        null,
        null,
        null,
        null
      ],
      "/Users/jphoenix/Dropbox/turing/1module/projects/sales_engine_with_harness/sales_engine/lib/parser.rb": [
        1,
        1,
        9,
        null,
        null,
        1,
        4,
        40,
        40,
        40,
        40,
        40,
        null,
        4,
        null,
        null,
        1,
        1,
        10,
        10,
        10,
        10,
        10,
        10,
        null,
        1,
        null,
        null,
        1,
        1,
        10,
        10,
        10,
        10,
        10,
        10,
        10,
        10,
        null,
        1,
        null,
        null,
        1,
        1,
        10,
        10,
        10,
        10,
        10,
        10,
        10,
        null,
        1,
        null,
        null,
        1,
        1,
        10,
        10,
        10,
        10,
        10,
        10,
        10,
        10,
        null,
        1,
        null,
        null,
        1,
        1,
        10,
        10,
        10,
        10,
        10,
        10,
        10,
        10,
        null,
        1,
        null,
        null,
        null
      ],
      "/Users/jphoenix/Dropbox/turing/1module/projects/sales_engine_with_harness/sales_engine/test/sales_engine_test.rb": [
        1,
        1,
        null,
        1,
        1,
        1,
        null,
        1,
        1,
        null,
        1,
        12,
        null,
        null,
        1,
        1,
        null,
        null,
        1,
        1,
        1,
        null,
        null,
        1,
        1,
        1,
        null,
        null,
        null,
        null,
        null,
        null,
        null,
        null,
        null,
        null,
        null,
        null,
        null,
        null,
        null,
        null,
        null,
        null,
        null,
        null,
        null,
        null,
        null,
        1,
        1,
        0,
        null,
        null,
        1,
        1,
        0,
        null,
        0,
        null,
        null,
        1,
        1,
        0,
        null,
        null,
        1,
        1,
        0,
        null,
        null,
        1,
        1,
        0,
        null,
        null,
        1,
        1,
        0,
        null,
        null,
        1,
        1,
        0,
        null,
        null,
        1,
        1,
        0,
        null,
        null,
        1,
        1,
        0,
        null,
        null,
        null,
        null
      ],
      "/Users/jphoenix/Dropbox/turing/1module/projects/sales_engine_with_harness/sales_engine/lib/sales_engine.rb": [
        1,
        1,
        1,
        1,
        1,
        1,
        1,
        null,
        null,
        1,
        1,
        null,
        1,
        13,
        13,
        13,
        13,
        13,
        13,
        null,
        null,
        1,
        3,
        3,
        null,
        null,
        1,
        1,
        null,
        null,
        1,
        0,
        0,
        null,
        null,
        1,
        0,
        null,
        null,
        1,
        0,
        0,
        null,
        null,
        1,
        0,
        null,
        null,
        1,
        0,
        0,
        null,
        null,
        1,
        0,
        null,
        null,
        1,
        0,
        0,
        null,
        null,
        1,
        0,
        null,
        null,
        1,
        0,
        0,
        null,
        null,
        1,
        0,
        null,
        null,
        null,
        null,
        1,
        1,
        null
      ],
      "/Users/jphoenix/Dropbox/turing/1module/projects/sales_engine_with_harness/sales_engine/lib/transaction_repository.rb": [
        1,
        1,
        null,
        1,
        1,
        null,
        1,
        0,
        0,
        0,
        0,
        null,
        null,
        1,
        0,
        0,
        null,
        null,
        null,
        1,
        0,
        null,
        null,
        1,
        0,
        null,
        null,
        1,
        0,
        null,
        null,
        1,
        0,
        null,
        null,
        1,
        0,
        null,
        null,
        1,
        0,
        null,
        null,
        1,
        0,
        null,
        null,
        1,
        0,
        null,
        null,
        1,
        0,
        null,
        null,
        null,
        1,
        0,
        null,
        null,
        1,
        0,
        null,
        null,
        1,
        0,
        null,
        null,
        1,
        0,
        null,
        null,
        1,
        0,
        null,
        null,
        1,
        0,
        null,
        null,
        null
      ],
      "/Users/jphoenix/Dropbox/turing/1module/projects/sales_engine_with_harness/sales_engine/lib/transaction.rb": [
        1,
        1,
        null,
        1,
        0,
        0,
        0,
        0,
        0,
        0,
        0,
        0,
        null,
        null
      ],
      "/Users/jphoenix/Dropbox/turing/1module/projects/sales_engine_with_harness/sales_engine/test/transaction_repository_test.rb": [
        1,
        1,
        1,
        1,
        null,
        1,
        null,
        1,
        1,
        0,
        0,
        0,
        null,
        null,
        1,
        1,
        0,
        0,
        null,
        null,
        null
      ]
    },
    "timestamp": 1434552551
  },
  "Unit Tests": {
    "coverage": {
      "/Users/jphoenix/Dropbox/turing/1module/projects/sales_engine_with_harness/sales_engine/lib/merchant_repository.rb": [
        1,
        null,
        1,
        1,
        null,
        1,
        13,
        13,
        13,
        13,
        null,
        null,
        1,
        13,
        0,
        0,
        null,
        null,
        null,
        1,
        null,
        null,
        null,
        null,
        1,
        0,
        null,
        null,
        1,
        0,
        null,
        null,
        1,
        0,
        null,
        null,
        1,
        0,
        null,
        null,
        1,
        0,
        null,
        null,
        1,
        0,
        null,
        null,
        1,
        0,
        null,
        null,
        1,
        0,
        null,
        null,
        1,
        0,
        null,
        null,
        1,
        0,
        null,
        null,
        null,
        null,
        null,
        null
      ],
      "/Users/jphoenix/Dropbox/turing/1module/projects/sales_engine_with_harness/sales_engine/lib/merchant.rb": [
        1,
        1,
        null,
        1,
        0,
        0,
        0,
        0,
        0,
        null,
        null,
        null
      ]
    },
    "timestamp": 1434510257
  }
}
