{
  "RSpec": {
    "coverage": {
      "/Users/jphoenix/Dropbox/turing/1module/projects/sales_engine_with_harness/sales_engine/lib/merchant_repository.rb": [
        1,
        null,
        1,
        1,
        null,
        1,
        13,
        13,
        13,
        null,
        null,
        1,
        43,
        null,
        null,
        null,
        1,
        4,
        null,
        null,
        1,
        0,
        null,
        null,
        1,
        3,
        null,
        null,
        1,
        3,
        null,
        null,
        1,
        3,
        null,
        null,
        1,
        3,
        null,
        null,
        1,
        5,
        null,
        null,
        1,
        5,
        null,
        null,
        1,
        5,
        null,
        null,
        1,
        5,
        null,
        null,
        null,
        null
      ],
      "/Users/jphoenix/Dropbox/turing/1module/projects/sales_engine_with_harness/sales_engine/lib/sales_engine.rb": [
        1,
        1,
        1,
        1,
        null,
        null,
        1,
        1,
        null,
        1,
        10,
        10,
        10,
        10,
        10,
        10,
        null,
        null,
        1,
        0,
        0,
        null,
        null,
        1,
        0,
        0,
        null,
        null,
        1,
        0,
        0,
        null,
        null,
        1,
        0,
        0,
        null,
        null,
        1,
        0,
        0,
        null,
        null,
        1,
        0,
        0,
        null,
        null,
        null,
        null,
        null,
        null,
        null,
        null
      ],
      "/Users/jphoenix/Dropbox/turing/1module/projects/sales_engine_with_harness/sales_engine/lib/merchant.rb": [
        1,
        1,
        null,
        1,
        47,
        47,
        47,
        47,
        null,
        null,
        null
      ],
      "/Users/jphoenix/Dropbox/turing/1module/projects/sales_engine_with_harness/sales_engine/lib/parser.rb": [
        1,
        1,
        6,
        null,
        null,
        1,
        1,
        10,
        10,
        10,
        10,
        10,
        null,
        1,
        null,
        null,
        1,
        1,
        10,
        10,
        10,
        10,
        10,
        10,
        null,
        1,
        null,
        null,
        1,
        1,
        10,
        10,
        10,
        10,
        10,
        10,
        10,
        10,
        null,
        1,
        null,
        null,
        1,
        1,
        10,
        10,
        10,
        10,
        10,
        10,
        10,
        null,
        1,
        null,
        null,
        1,
        1,
        10,
        10,
        10,
        10,
        10,
        10,
        10,
        10,
        null,
        1,
        null,
        null,
        1,
        1,
        10,
        10,
        10,
        10,
        10,
        10,
        10,
        10,
        null,
        1,
        null,
        null,
        null
      ],
      "/Users/jphoenix/Dropbox/turing/1module/projects/sales_engine_with_harness/sales_engine/test/merchant_test.rb": [
        1,
        1,
        1,
        null,
        1,
        1,
        null,
        1,
        3,
        null,
        null,
        1,
        1,
        null,
        null,
        1,
        1,
        null,
        null,
        1,
        1,
        null,
        null,
        null,
        null,
        null
      ],
      "/Users/jphoenix/Dropbox/turing/1module/projects/sales_engine_with_harness/sales_engine/test/parser_test.rb": [
        1,
        1,
        1,
        1,
        null,
        1,
        1,
        null,
        1,
        6,
        null,
        null,
        1,
        1,
        1,
        1,
        null,
        null,
        1,
        1,
        1,
        1,
        null,
        null,
        1,
        1,
        1,
        1,
        null,
        null,
        1,
        1,
        1,
        1,
        null,
        null,
        1,
        1,
        1,
        1,
        null,
        null,
        1,
        1,
        1,
        1,
        null,
        null,
        null,
        null,
        null
      ],
      "/Users/jphoenix/Dropbox/turing/1module/projects/sales_engine_with_harness/sales_engine/test/sales_engine_test.rb": [
        1,
        1,
        null,
        1,
        1,
        1,
        null,
        1,
        1,
        null,
        1,
        10,
        null,
        null,
        1,
        1,
        null,
        null,
        1,
        1,
        0,
        null,
        null,
        1,
        1,
        0,
        null,
        0,
        null,
        null,
        1,
        1,
        0,
        null,
        null,
        1,
        1,
        0,
        null,
        null,
        1,
        1,
        0,
        null,
        null,
        1,
        1,
        0,
        null,
        null,
        1,
        1,
        0,
        null,
        null,
        1,
        1,
        0,
        null,
        null,
        1,
        1,
        0,
        null,
        null,
        null,
        null
      ]
    },
    "timestamp": 1434504439
  }
}
